<?xml version="1.0" encoding="UTF-8"?>
<application>
    <display-name>ear</display-name>
    <module>
        <ejb>ejb.jar</ejb>
    </module>
</application>
